[     541ms] Error: Hydration failed because the server rendered text didn't match the client. As a result this tree will be regenerated on the client. This can happen if a SSR-ed Client Component used:

- A server/client branch `if (typeof window !== 'undefined')`.
- Variable input such as `Date.now()` or `Math.random()` which changes each time it's called.
- Date formatting in a user's locale which doesn't match the server.
- External changing data without sending a snapshot of it along with the HTML.
- Invalid HTML tag nesting.

It can also happen if the client has a browser extension installed which messes with the HTML before React loaded.

https://react.dev/link/hydration-mismatch

  ...
    <main className="mx-auto ma...">
      <AnimatePresence mode="wait">
        <PresenceChild isPresent={true} initial={undefined} custom={undefined} presenceAffectsLayout={true} mode="wait" ...>
          <PopChild pop={false} isPresent={true} anchorX="left" anchorY="top" root={undefined}>
            <PopChildMeasure isPresent={true} childRef={{current:null}} sizeRef={{...}} pop={false}>
              <motion.div initial={{opacity:0,y:8}} animate={{opacity:1,y:0}} exit={{opacity:0,y:-8}} ...>
                <div style={{opacity:0, ...}} ref={function useMotionRef.useCallback}>
                  <HomeView todayMeals={[...]} todayTotals={{calories:1215, ...}} goals={{calories:2000, ...}} ...>
                    <div className="space-y-4">
                      <div className="rounded-2x...">
                        <div className="flex items...">
                          <div>
                          <div className="flex-1 min...">
                            <p>
                            <div className="mt-1 round...">
                              <p className="text-xs text-foreground leading-relaxed">
+                               Looking good! Keep it up 💪
-                               {"I'm still sleepy… wake me up with breakfast! 😴"}
                      ...

    at throwOnHydrationMismatch (http://localhost:3000/_next/static/chunks/node_modules_next_dist_compiled_react-dom_1e674e59._.js:3348:56)
    at prepareToHydrateHostInstance (http://localhost:3000/_next/static/chunks/node_modules_next_dist_compiled_react-dom_1e674e59._.js:3402:23)
    at completeWork (http://localhost:3000/_next/static/chunks/node_modules_next_dist_compiled_react-dom_1e674e59._.js:6934:60)
    at runWithFiberInDEV (http://localhost:3000/_next/static/chunks/node_modules_next_dist_compiled_react-dom_1e674e59._.js:965:74)
    at completeUnitOfWork (http://localhost:3000/_next/static/chunks/node_modules_next_dist_compiled_react-dom_1e674e59._.js:9627:23)
    at performUnitOfWork (http://localhost:3000/_next/static/chunks/node_modules_next_dist_compiled_react-dom_1e674e59._.js:9564:28)
    at workLoopConcurrentByScheduler (http://localhost:3000/_next/static/chunks/node_modules_next_dist_compiled_react-dom_1e674e59._.js:9558:58)
    at renderRootConcurrent (http://localhost:3000/_next/static/chunks/node_modules_next_dist_compiled_react-dom_1e674e59._.js:9541:71)
    at performWorkOnRoot (http://localhost:3000/_next/static/chunks/node_modules_next_dist_compiled_react-dom_1e674e59._.js:9068:150)
    at performWorkOnRootViaSchedulerTask (http://localhost:3000/_next/static/chunks/node_modules_next_dist_compiled_react-dom_1e674e59._.js:10230:9)
    at MessagePort.performWorkUntilDeadline (http://localhost:3000/_next/static/chunks/node_modules_next_dist_compiled_a0e4c7b4._.js:2647:64)
